<?xml version="1.0" encoding="UTF-8"?>
<testng-results skipped="0" failed="0" total="1" passed="1">
  <reporter-output>
  </reporter-output>
  <suite name="Default suite" duration-ms="19343" started-at="2019-12-07T09:52:27Z" finished-at="2019-12-07T09:52:46Z">
    <groups>
    </groups>
    <test name="Default test" duration-ms="19343" started-at="2019-12-07T09:52:27Z" finished-at="2019-12-07T09:52:46Z">
      <class name="com.Testrunner.Testexecutionwithtestng">
        <test-method status="PASS" signature="overalltest()[pri:0, instance:com.Testrunner.Testexecutionwithtestng@1275dab]" name="overalltest" duration-ms="19285" started-at="2019-12-07T15:22:27Z" finished-at="2019-12-07T15:22:46Z">
          <reporter-output>
          </reporter-output>
        </test-method> <!-- overalltest -->
      </class> <!-- com.Testrunner.Testexecutionwithtestng -->
    </test> <!-- Default test -->
  </suite> <!-- Default suite -->
</testng-results>
